# JRE version: Java(TM) SE Runtime Environment (8.0_92-b14) (build 1.8.0_92-b14)
# Java VM: Java HotSpot(TM) Client VM (25.92-b14 mixed mode windows-x86 )
Heap:
 def new generation   total 39424K, used 35988K [0x04c00000, 0x076c0000, 0x0f6a0000)
  eden space 35072K,  93% used [0x04c00000, 0x06c251f8, 0x06e40000)
  from space 4352K,  70% used [0x06e40000, 0x07140068, 0x07280000)
  to   space 4352K,   0% used [0x07280000, 0x07280000, 0x076c0000)
 tenured generation   total 87424K, used 26012K [0x0f6a0000, 0x14c00000, 0x24c00000)
   the space 87424K,  29% used [0x0f6a0000, 0x110073b8, 0x11007400, 0x14c00000)
 Metaspace       used 18214K, capacity 18653K, committed 18688K, reserved 18816K
GC Heap History (10 events):
Event: 1.095 GC heap before
{Heap before GC invocations=0 (full 0):
 def new generation   total 39296K, used 34944K [0x04c00000, 0x076a0000, 0x0f6a0000)
  eden space 34944K, 100% used [0x04c00000, 0x06e20000, 0x06e20000)
  from space 4352K,   0% used [0x06e20000, 0x06e20000, 0x07260000)
  to   space 4352K,   0% used [0x07260000, 0x07260000, 0x076a0000)
 tenured generation   total 87424K, used 0K [0x0f6a0000, 0x14c00000, 0x24c00000)
   the space 87424K,   0% used [0x0f6a0000, 0x0f6a0000, 0x0f6a0200, 0x14c00000)
 Metaspace       used 9660K, capacity 9830K, committed 9984K, reserved 10624K
Event: 1.108 GC heap after
Heap after GC invocations=1 (full 0):
 def new generation   total 39296K, used 4352K [0x04c00000, 0x076a0000, 0x0f6a0000)
  eden space 34944K,   0% used [0x04c00000, 0x04c00000, 0x06e20000)
  from space 4352K, 100% used [0x07260000, 0x076a0000, 0x076a0000)
  to   space 4352K,   0% used [0x06e20000, 0x06e20000, 0x07260000)
 tenured generation   total 87424K, used 2807K [0x0f6a0000, 0x14c00000, 0x24c00000)
   the space 87424K,   3% used [0x0f6a0000, 0x0f95dfa0, 0x0f95e000, 0x14c00000)
 Metaspace       used 9660K, capacity 9830K, committed 9984K, reserved 10624K
}
Event: 1.935 GC heap before
{Heap before GC invocations=1 (full 0):
 def new generation   total 39296K, used 39296K [0x04c00000, 0x076a0000, 0x0f6a0000)
  eden space 34944K, 100% used [0x04c00000, 0x06e20000, 0x06e20000)
  from space 4352K, 100% used [0x07260000, 0x076a0000, 0x076a0000)
  to   space 4352K,   0% used [0x06e20000, 0x06e20000, 0x07260000)
 tenured generation   total 87424K, used 2807K [0x0f6a0000, 0x14c00000, 0x24c00000)
   the space 87424K,   3% used [0x0f6a0000, 0x0f95dfa0, 0x0f95e000, 0x14c00000)
 Metaspace       used 11321K, capacity 11634K, committed 11648K, reserved 11648K
Event: 1.964 GC heap after
Heap after GC invocations=2 (full 0):
 def new generation   total 39296K, used 4352K [0x04c00000, 0x076a0000, 0x0f6a0000)
  eden space 34944K,   0% used [0x04c00000, 0x04c00000, 0x06e20000)
  from space 4352K, 100% used [0x06e20000, 0x07260000, 0x07260000)
  to   space 4352K,   0% used [0x07260000, 0x07260000, 0x076a0000)
 tenured generation   total 87424K, used 8581K [0x0f6a0000, 0x14c00000, 0x24c00000)
   the space 87424K,   9% used [0x0f6a0000, 0x0ff01410, 0x0ff01600, 0x14c00000)
 Metaspace       used 11321K, capacity 11634K, committed 11648K, reserved 11648K
}
Event: 3.203 GC heap before
{Heap before GC invocations=2 (full 0):
 def new generation   total 39296K, used 17365K [0x04c00000, 0x076a0000, 0x0f6a0000)
  eden space 34944K,  37% used [0x04c00000, 0x058b56b8, 0x06e20000)
  from space 4352K, 100% used [0x06e20000, 0x07260000, 0x07260000)
  to   space 4352K,   0% used [0x07260000, 0x07260000, 0x076a0000)
 tenured generation   total 87424K, used 8581K [0x0f6a0000, 0x14c00000, 0x24c00000)
   the space 87424K,   9% used [0x0f6a0000, 0x0ff01410, 0x0ff01600, 0x14c00000)
 Metaspace       used 11930K, capacity 12264K, committed 12288K, reserved 12672K
Event: 3.231 GC heap after
Heap after GC invocations=3 (full 1):
 def new generation   total 39424K, used 0K [0x04c00000, 0x076c0000, 0x0f6a0000)
  eden space 35072K,   0% used [0x04c00000, 0x04c00000, 0x06e40000)
  from space 4352K,   0% used [0x06e40000, 0x06e40000, 0x07280000)
  to   space 4352K,   0% used [0x07280000, 0x07280000, 0x076c0000)
 tenured generation   total 87424K, used 14239K [0x0f6a0000, 0x14c00000, 0x24c00000)
   the space 87424K,  16% used [0x0f6a0000, 0x10487d38, 0x10487e00, 0x14c00000)
 Metaspace       used 11930K, capacity 12264K, committed 12288K, reserved 12672K
}
Event: 4.514 GC heap before
{Heap before GC invocations=3 (full 1):
 def new generation   total 39424K, used 33905K [0x04c00000, 0x076c0000, 0x0f6a0000)
  eden space 35072K,  96% used [0x04c00000, 0x06d1c738, 0x06e40000)
  from space 4352K,   0% used [0x06e40000, 0x06e40000, 0x07280000)
  to   space 4352K,   0% used [0x07280000, 0x07280000, 0x076c0000)
 tenured generation   total 87424K, used 14239K [0x0f6a0000, 0x14c00000, 0x24c00000)
   the space 87424K,  16% used [0x0f6a0000, 0x10487d38, 0x10487e00, 0x14c00000)
 Metaspace       used 17229K, capacity 17665K, committed 17792K, reserved 17792K
Event: 4.534 GC heap after
Heap after GC invocations=4 (full 1):
 def new generation   total 39424K, used 4352K [0x04c00000, 0x076c0000, 0x0f6a0000)
  eden space 35072K,   0% used [0x04c00000, 0x04c00000, 0x06e40000)
  from space 4352K, 100% used [0x07280000, 0x076c0000, 0x076c0000)
  to   space 4352K,   0% used [0x06e40000, 0x06e40000, 0x07280000)
 tenured generation   total 87424K, used 16024K [0x0f6a0000, 0x14c00000, 0x24c00000)
   the space 87424K,  18% used [0x0f6a0000, 0x106460b0, 0x10646200, 0x14c00000)
 Metaspace       used 17229K, capacity 17665K, committed 17792K, reserved 17792K
}
Event: 22.191 GC heap before
{Heap before GC invocations=4 (full 1):
 def new generation   total 39424K, used 39376K [0x04c00000, 0x076c0000, 0x0f6a0000)
  eden space 35072K,  99% used [0x04c00000, 0x06e343d8, 0x06e40000)
  from space 4352K, 100% used [0x07280000, 0x076c0000, 0x076c0000)
  to   space 4352K,   0% used [0x06e40000, 0x06e40000, 0x07280000)
 tenured generation   total 87424K, used 16024K [0x0f6a0000, 0x14c00000, 0x24c00000)
   the space 87424K,  18% used [0x0f6a0000, 0x106460b0, 0x10646200, 0x14c00000)
 Metaspace       used 17762K, capacity 18182K, committed 18304K, reserved 18816K
Event: 22.205 GC heap after
Heap after GC invocations=5 (full 1):
 def new generation   total 39424K, used 3072K [0x04c00000, 0x076c0000, 0x0f6a0000)
  eden space 35072K,   0% used [0x04c00000, 0x04c00000, 0x06e40000)
  from space 4352K,  70% used [0x06e40000, 0x07140068, 0x07280000)
  to   space 4352K,   0% used [0x07280000, 0x07280000, 0x076c0000)
 tenured generation   total 87424K, used 26012K [0x0f6a0000, 0x14c00000, 0x24c00000)
   the space 87424K,  29% used [0x0f6a0000, 0x110073b8, 0x11007400, 0x14c00000)
 Metaspace       used 17762K, capacity 18182K, committed 18304K, reserved 18816K
}

