# JRE version: Java(TM) SE Runtime Environment (8.0_92-b14) (build 1.8.0_92-b14)
# Java VM: Java HotSpot(TM) Client VM (25.92-b14 mixed mode windows-x86 )
Heap:
 def new generation   total 39488K, used 22164K [0x05200000, 0x07cd0000, 0x0fca0000)
  eden space 35136K,  57% used [0x05200000, 0x065e5f30, 0x07450000)
  from space 4352K,  41% used [0x07450000, 0x0760f4b8, 0x07890000)
  to   space 4352K,   0% used [0x07890000, 0x07890000, 0x07cd0000)
 tenured generation   total 87424K, used 67142K [0x0fca0000, 0x15200000, 0x25200000)
   the space 87424K,  76% used [0x0fca0000, 0x13e31b58, 0x13e31c00, 0x15200000)
 Metaspace       used 20947K, capacity 22388K, committed 22400K, reserved 22912K
GC Heap History (10 events):
Event: 215.901 GC heap before
{Heap before GC invocations=32 (full 2):
 def new generation   total 39488K, used 35570K [0x05200000, 0x07cd0000, 0x0fca0000)
  eden space 35136K, 100% used [0x05200000, 0x07450000, 0x07450000)
  from space 4352K,   9% used [0x07890000, 0x078fc9c0, 0x07cd0000)
  to   space 4352K,   0% used [0x07450000, 0x07450000, 0x07890000)
 tenured generation   total 87424K, used 56905K [0x0fca0000, 0x15200000, 0x25200000)
   the space 87424K,  65% used [0x0fca0000, 0x13432698, 0x13432800, 0x15200000)
 Metaspace       used 20795K, capacity 22148K, committed 22272K, reserved 22912K
Event: 215.912 GC heap after
Heap after GC invocations=33 (full 2):
 def new generation   total 39488K, used 4352K [0x05200000, 0x07cd0000, 0x0fca0000)
  eden space 35136K,   0% used [0x05200000, 0x05200000, 0x07450000)
  from space 4352K, 100% used [0x07450000, 0x07890000, 0x07890000)
  to   space 4352K,   0% used [0x07890000, 0x07890000, 0x07cd0000)
 tenured generation   total 87424K, used 57938K [0x0fca0000, 0x15200000, 0x25200000)
   the space 87424K,  66% used [0x0fca0000, 0x13534848, 0x13534a00, 0x15200000)
 Metaspace       used 20795K, capacity 22148K, committed 22272K, reserved 22912K
}
Event: 218.078 GC heap before
{Heap before GC invocations=33 (full 2):
 def new generation   total 39488K, used 39488K [0x05200000, 0x07cd0000, 0x0fca0000)
  eden space 35136K, 100% used [0x05200000, 0x07450000, 0x07450000)
  from space 4352K, 100% used [0x07450000, 0x07890000, 0x07890000)
  to   space 4352K,   0% used [0x07890000, 0x07890000, 0x07cd0000)
 tenured generation   total 87424K, used 57938K [0x0fca0000, 0x15200000, 0x25200000)
   the space 87424K,  66% used [0x0fca0000, 0x13534848, 0x13534a00, 0x15200000)
 Metaspace       used 20795K, capacity 22148K, committed 22272K, reserved 22912K
Event: 218.090 GC heap after
Heap after GC invocations=34 (full 2):
 def new generation   total 39488K, used 198K [0x05200000, 0x07cd0000, 0x0fca0000)
  eden space 35136K,   0% used [0x05200000, 0x05200000, 0x07450000)
  from space 4352K,   4% used [0x07890000, 0x078c1898, 0x07cd0000)
  to   space 4352K,   0% used [0x07450000, 0x07450000, 0x07890000)
 tenured generation   total 87424K, used 62226K [0x0fca0000, 0x15200000, 0x25200000)
   the space 87424K,  71% used [0x0fca0000, 0x13964a48, 0x13964c00, 0x15200000)
 Metaspace       used 20795K, capacity 22148K, committed 22272K, reserved 22912K
}
Event: 219.918 GC heap before
{Heap before GC invocations=34 (full 2):
 def new generation   total 39488K, used 35334K [0x05200000, 0x07cd0000, 0x0fca0000)
  eden space 35136K, 100% used [0x05200000, 0x07450000, 0x07450000)
  from space 4352K,   4% used [0x07890000, 0x078c1898, 0x07cd0000)
  to   space 4352K,   0% used [0x07450000, 0x07450000, 0x07890000)
 tenured generation   total 87424K, used 62226K [0x0fca0000, 0x15200000, 0x25200000)
   the space 87424K,  71% used [0x0fca0000, 0x13964a48, 0x13964c00, 0x15200000)
 Metaspace       used 20931K, capacity 22386K, committed 22400K, reserved 22912K
Event: 219.933 GC heap after
Heap after GC invocations=35 (full 2):
 def new generation   total 39488K, used 4352K [0x05200000, 0x07cd0000, 0x0fca0000)
  eden space 35136K,   0% used [0x05200000, 0x05200000, 0x07450000)
  from space 4352K, 100% used [0x07450000, 0x07890000, 0x07890000)
  to   space 4352K,   0% used [0x07890000, 0x07890000, 0x07cd0000)
 tenured generation   total 87424K, used 62944K [0x0fca0000, 0x15200000, 0x25200000)
   the space 87424K,  71% used [0x0fca0000, 0x13a181d0, 0x13a18200, 0x15200000)
 Metaspace       used 20931K, capacity 22386K, committed 22400K, reserved 22912K
}
Event: 222.908 GC heap before
{Heap before GC invocations=35 (full 2):
 def new generation   total 39488K, used 39366K [0x05200000, 0x07cd0000, 0x0fca0000)
  eden space 35136K,  99% used [0x05200000, 0x074318f8, 0x07450000)
  from space 4352K, 100% used [0x07450000, 0x07890000, 0x07890000)
  to   space 4352K,   0% used [0x07890000, 0x07890000, 0x07cd0000)
 tenured generation   total 87424K, used 62944K [0x0fca0000, 0x15200000, 0x25200000)
   the space 87424K,  71% used [0x0fca0000, 0x13a181d0, 0x13a18200, 0x15200000)
 Metaspace       used 20931K, capacity 22386K, committed 22400K, reserved 22912K
Event: 222.919 GC heap after
Heap after GC invocations=36 (full 2):
 def new generation   total 39488K, used 688K [0x05200000, 0x07cd0000, 0x0fca0000)
  eden space 35136K,   0% used [0x05200000, 0x05200000, 0x07450000)
  from space 4352K,  15% used [0x07890000, 0x0793c3a0, 0x07cd0000)
  to   space 4352K,   0% used [0x07450000, 0x07450000, 0x07890000)
 tenured generation   total 87424K, used 67142K [0x0fca0000, 0x15200000, 0x25200000)
   the space 87424K,  76% used [0x0fca0000, 0x13e31b58, 0x13e31c00, 0x15200000)
 Metaspace       used 20931K, capacity 22386K, committed 22400K, reserved 22912K
}
Event: 425.651 GC heap before
{Heap before GC invocations=36 (full 2):
 def new generation   total 39488K, used 35824K [0x05200000, 0x07cd0000, 0x0fca0000)
  eden space 35136K, 100% used [0x05200000, 0x07450000, 0x07450000)
  from space 4352K,  15% used [0x07890000, 0x0793c3a0, 0x07cd0000)
  to   space 4352K,   0% used [0x07450000, 0x07450000, 0x07890000)
 tenured generation   total 87424K, used 67142K [0x0fca0000, 0x15200000, 0x25200000)
   the space 87424K,  76% used [0x0fca0000, 0x13e31b58, 0x13e31c00, 0x15200000)
 Metaspace       used 20942K, capacity 22386K, committed 22400K, reserved 22912K
Event: 425.655 GC heap after
Heap after GC invocations=37 (full 2):
 def new generation   total 39488K, used 1789K [0x05200000, 0x07cd0000, 0x0fca0000)
  eden space 35136K,   0% used [0x05200000, 0x05200000, 0x07450000)
  from space 4352K,  41% used [0x07450000, 0x0760f4b8, 0x07890000)
  to   space 4352K,   0% used [0x07890000, 0x07890000, 0x07cd0000)
 tenured generation   total 87424K, used 67142K [0x0fca0000, 0x15200000, 0x25200000)
   the space 87424K,  76% used [0x0fca0000, 0x13e31b58, 0x13e31c00, 0x15200000)
 Metaspace       used 20942K, capacity 22386K, committed 22400K, reserved 22912K
}

