# JRE version: Java(TM) SE Runtime Environment (8.0_92-b14) (build 1.8.0_92-b14)
# Java VM: Java HotSpot(TM) Client VM (25.92-b14 mixed mode windows-x86 )
Heap:
 def new generation   total 39424K, used 28441K [0x05000000, 0x07ac0000, 0x0faa0000)
  eden space 35072K,  80% used [0x05000000, 0x06b786a8, 0x07240000)
  from space 4352K,   7% used [0x07240000, 0x0728de48, 0x07680000)
  to   space 4352K,   0% used [0x07680000, 0x07680000, 0x07ac0000)
 tenured generation   total 87424K, used 32798K [0x0faa0000, 0x15000000, 0x25000000)
   the space 87424K,  37% used [0x0faa0000, 0x11aa79e8, 0x11aa7a00, 0x15000000)
 Metaspace       used 18371K, capacity 18855K, committed 18944K, reserved 19840K
GC Heap History (10 events):
Event: 1297.723 GC heap before
{Heap before GC invocations=6 (full 1):
 def new generation   total 39424K, used 35437K [0x05000000, 0x07ac0000, 0x0faa0000)
  eden space 35072K, 100% used [0x05000000, 0x07240000, 0x07240000)
  from space 4352K,   8% used [0x07680000, 0x076db5b0, 0x07ac0000)
  to   space 4352K,   0% used [0x07240000, 0x07240000, 0x07680000)
 tenured generation   total 87424K, used 27718K [0x0faa0000, 0x15000000, 0x25000000)
   the space 87424K,  31% used [0x0faa0000, 0x115b1988, 0x115b1a00, 0x15000000)
 Metaspace       used 18004K, capacity 18458K, committed 18560K, reserved 18816K
Event: 1297.736 GC heap after
Heap after GC invocations=7 (full 1):
 def new generation   total 39424K, used 1207K [0x05000000, 0x07ac0000, 0x0faa0000)
  eden space 35072K,   0% used [0x05000000, 0x05000000, 0x07240000)
  from space 4352K,  27% used [0x07240000, 0x0736dcf0, 0x07680000)
  to   space 4352K,   0% used [0x07680000, 0x07680000, 0x07ac0000)
 tenured generation   total 87424K, used 27718K [0x0faa0000, 0x15000000, 0x25000000)
   the space 87424K,  31% used [0x0faa0000, 0x115b1988, 0x115b1a00, 0x15000000)
 Metaspace       used 18004K, capacity 18458K, committed 18560K, reserved 18816K
}
Event: 1762.844 GC heap before
{Heap before GC invocations=7 (full 1):
 def new generation   total 39424K, used 34469K [0x05000000, 0x07ac0000, 0x0faa0000)
  eden space 35072K,  94% used [0x05000000, 0x0707b750, 0x07240000)
  from space 4352K,  27% used [0x07240000, 0x0736dcf0, 0x07680000)
  to   space 4352K,   0% used [0x07680000, 0x07680000, 0x07ac0000)
 tenured generation   total 87424K, used 27718K [0x0faa0000, 0x15000000, 0x25000000)
   the space 87424K,  31% used [0x0faa0000, 0x115b1988, 0x115b1a00, 0x15000000)
 Metaspace       used 18346K, capacity 18786K, committed 18816K, reserved 18816K
Event: 1762.849 GC heap after
Heap after GC invocations=8 (full 1):
 def new generation   total 39424K, used 1741K [0x05000000, 0x07ac0000, 0x0faa0000)
  eden space 35072K,   0% used [0x05000000, 0x05000000, 0x07240000)
  from space 4352K,  40% used [0x07680000, 0x07833718, 0x07ac0000)
  to   space 4352K,   0% used [0x07240000, 0x07240000, 0x07680000)
 tenured generation   total 87424K, used 27718K [0x0faa0000, 0x15000000, 0x25000000)
   the space 87424K,  31% used [0x0faa0000, 0x115b1988, 0x115b1a00, 0x15000000)
 Metaspace       used 18346K, capacity 18786K, committed 18816K, reserved 18816K
}
Event: 1850.486 GC heap before
{Heap before GC invocations=8 (full 1):
 def new generation   total 39424K, used 36813K [0x05000000, 0x07ac0000, 0x0faa0000)
  eden space 35072K, 100% used [0x05000000, 0x07240000, 0x07240000)
  from space 4352K,  40% used [0x07680000, 0x07833718, 0x07ac0000)
  to   space 4352K,   0% used [0x07240000, 0x07240000, 0x07680000)
 tenured generation   total 87424K, used 27718K [0x0faa0000, 0x15000000, 0x25000000)
   the space 87424K,  31% used [0x0faa0000, 0x115b1988, 0x115b1a00, 0x15000000)
 Metaspace       used 18363K, capacity 18850K, committed 18944K, reserved 19840K
Event: 1850.495 GC heap after
Heap after GC invocations=9 (full 1):
 def new generation   total 39424K, used 3012K [0x05000000, 0x07ac0000, 0x0faa0000)
  eden space 35072K,   0% used [0x05000000, 0x05000000, 0x07240000)
  from space 4352K,  69% used [0x07240000, 0x07531010, 0x07680000)
  to   space 4352K,   0% used [0x07680000, 0x07680000, 0x07ac0000)
 tenured generation   total 87424K, used 27718K [0x0faa0000, 0x15000000, 0x25000000)
   the space 87424K,  31% used [0x0faa0000, 0x115b1988, 0x115b1a00, 0x15000000)
 Metaspace       used 18363K, capacity 18850K, committed 18944K, reserved 19840K
}
Event: 2215.369 GC heap before
{Heap before GC invocations=9 (full 1):
 def new generation   total 39424K, used 38084K [0x05000000, 0x07ac0000, 0x0faa0000)
  eden space 35072K, 100% used [0x05000000, 0x07240000, 0x07240000)
  from space 4352K,  69% used [0x07240000, 0x07531010, 0x07680000)
  to   space 4352K,   0% used [0x07680000, 0x07680000, 0x07ac0000)
 tenured generation   total 87424K, used 27718K [0x0faa0000, 0x15000000, 0x25000000)
   the space 87424K,  31% used [0x0faa0000, 0x115b1988, 0x115b1a00, 0x15000000)
 Metaspace       used 18371K, capacity 18855K, committed 18944K, reserved 19840K
Event: 2215.376 GC heap after
Heap after GC invocations=10 (full 1):
 def new generation   total 39424K, used 2971K [0x05000000, 0x07ac0000, 0x0faa0000)
  eden space 35072K,   0% used [0x05000000, 0x05000000, 0x07240000)
  from space 4352K,  68% used [0x07680000, 0x07966da8, 0x07ac0000)
  to   space 4352K,   0% used [0x07240000, 0x07240000, 0x07680000)
 tenured generation   total 87424K, used 30414K [0x0faa0000, 0x15000000, 0x25000000)
   the space 87424K,  34% used [0x0faa0000, 0x11853960, 0x11853a00, 0x15000000)
 Metaspace       used 18371K, capacity 18855K, committed 18944K, reserved 19840K
}
Event: 2321.562 GC heap before
{Heap before GC invocations=10 (full 1):
 def new generation   total 39424K, used 38043K [0x05000000, 0x07ac0000, 0x0faa0000)
  eden space 35072K, 100% used [0x05000000, 0x07240000, 0x07240000)
  from space 4352K,  68% used [0x07680000, 0x07966da8, 0x07ac0000)
  to   space 4352K,   0% used [0x07240000, 0x07240000, 0x07680000)
 tenured generation   total 87424K, used 30414K [0x0faa0000, 0x15000000, 0x25000000)
   the space 87424K,  34% used [0x0faa0000, 0x11853960, 0x11853a00, 0x15000000)
 Metaspace       used 18371K, capacity 18855K, committed 18944K, reserved 19840K
Event: 2321.567 GC heap after
Heap after GC invocations=11 (full 1):
 def new generation   total 39424K, used 311K [0x05000000, 0x07ac0000, 0x0faa0000)
  eden space 35072K,   0% used [0x05000000, 0x05000000, 0x07240000)
  from space 4352K,   7% used [0x07240000, 0x0728de48, 0x07680000)
  to   space 4352K,   0% used [0x07680000, 0x07680000, 0x07ac0000)
 tenured generation   total 87424K, used 32798K [0x0faa0000, 0x15000000, 0x25000000)
   the space 87424K,  37% used [0x0faa0000, 0x11aa79e8, 0x11aa7a00, 0x15000000)
 Metaspace       used 18371K, capacity 18855K, committed 18944K, reserved 19840K
}

