# JRE version: Java(TM) SE Runtime Environment (8.0_92-b14) (build 1.8.0_92-b14)
# Java VM: Java HotSpot(TM) Client VM (25.92-b14 mixed mode windows-x86 )
Heap:
 def new generation   total 39424K, used 7216K [0x04c00000, 0x076c0000, 0x0f6a0000)
  eden space 35072K,  20% used [0x04c00000, 0x05307c80, 0x06e40000)
  from space 4352K,   0% used [0x06e40000, 0x06e446c0, 0x07280000)
  to   space 4352K,   0% used [0x07280000, 0x07280000, 0x076c0000)
 tenured generation   total 87424K, used 41666K [0x0f6a0000, 0x14c00000, 0x24c00000)
   the space 87424K,  47% used [0x0f6a0000, 0x11f50898, 0x11f50a00, 0x14c00000)
 Metaspace       used 18262K, capacity 18702K, committed 18816K, reserved 18816K
GC Heap History (10 events):
Event: 3525.291 GC heap before
{Heap before GC invocations=18 (full 1):
 def new generation   total 39424K, used 35073K [0x04c00000, 0x076c0000, 0x0f6a0000)
  eden space 35072K, 100% used [0x04c00000, 0x06e40000, 0x06e40000)
  from space 4352K,   0% used [0x07280000, 0x07280468, 0x076c0000)
  to   space 4352K,   0% used [0x06e40000, 0x06e40000, 0x07280000)
 tenured generation   total 87424K, used 41666K [0x0f6a0000, 0x14c00000, 0x24c00000)
   the space 87424K,  47% used [0x0f6a0000, 0x11f50898, 0x11f50a00, 0x14c00000)
 Metaspace       used 18262K, capacity 18702K, committed 18816K, reserved 18816K
Event: 3525.295 GC heap after
Heap after GC invocations=19 (full 1):
 def new generation   total 39424K, used 1K [0x04c00000, 0x076c0000, 0x0f6a0000)
  eden space 35072K,   0% used [0x04c00000, 0x04c00000, 0x06e40000)
  from space 4352K,   0% used [0x06e40000, 0x06e405e8, 0x07280000)
  to   space 4352K,   0% used [0x07280000, 0x07280000, 0x076c0000)
 tenured generation   total 87424K, used 41666K [0x0f6a0000, 0x14c00000, 0x24c00000)
   the space 87424K,  47% used [0x0f6a0000, 0x11f50898, 0x11f50a00, 0x14c00000)
 Metaspace       used 18262K, capacity 18702K, committed 18816K, reserved 18816K
}
Event: 3926.794 GC heap before
{Heap before GC invocations=19 (full 1):
 def new generation   total 39424K, used 35073K [0x04c00000, 0x076c0000, 0x0f6a0000)
  eden space 35072K, 100% used [0x04c00000, 0x06e40000, 0x06e40000)
  from space 4352K,   0% used [0x06e40000, 0x06e405e8, 0x07280000)
  to   space 4352K,   0% used [0x07280000, 0x07280000, 0x076c0000)
 tenured generation   total 87424K, used 41666K [0x0f6a0000, 0x14c00000, 0x24c00000)
   the space 87424K,  47% used [0x0f6a0000, 0x11f50898, 0x11f50a00, 0x14c00000)
 Metaspace       used 18262K, capacity 18702K, committed 18816K, reserved 18816K
Event: 3926.798 GC heap after
Heap after GC invocations=20 (full 1):
 def new generation   total 39424K, used 20K [0x04c00000, 0x076c0000, 0x0f6a0000)
  eden space 35072K,   0% used [0x04c00000, 0x04c00000, 0x06e40000)
  from space 4352K,   0% used [0x07280000, 0x07285050, 0x076c0000)
  to   space 4352K,   0% used [0x06e40000, 0x06e40000, 0x07280000)
 tenured generation   total 87424K, used 41666K [0x0f6a0000, 0x14c00000, 0x24c00000)
   the space 87424K,  47% used [0x0f6a0000, 0x11f50898, 0x11f50a00, 0x14c00000)
 Metaspace       used 18262K, capacity 18702K, committed 18816K, reserved 18816K
}
Event: 4337.299 GC heap before
{Heap before GC invocations=20 (full 1):
 def new generation   total 39424K, used 35092K [0x04c00000, 0x076c0000, 0x0f6a0000)
  eden space 35072K, 100% used [0x04c00000, 0x06e40000, 0x06e40000)
  from space 4352K,   0% used [0x07280000, 0x07285050, 0x076c0000)
  to   space 4352K,   0% used [0x06e40000, 0x06e40000, 0x07280000)
 tenured generation   total 87424K, used 41666K [0x0f6a0000, 0x14c00000, 0x24c00000)
   the space 87424K,  47% used [0x0f6a0000, 0x11f50898, 0x11f50a00, 0x14c00000)
 Metaspace       used 18262K, capacity 18702K, committed 18816K, reserved 18816K
Event: 4337.301 GC heap after
Heap after GC invocations=21 (full 1):
 def new generation   total 39424K, used 18K [0x04c00000, 0x076c0000, 0x0f6a0000)
  eden space 35072K,   0% used [0x04c00000, 0x04c00000, 0x06e40000)
  from space 4352K,   0% used [0x06e40000, 0x06e44880, 0x07280000)
  to   space 4352K,   0% used [0x07280000, 0x07280000, 0x076c0000)
 tenured generation   total 87424K, used 41666K [0x0f6a0000, 0x14c00000, 0x24c00000)
   the space 87424K,  47% used [0x0f6a0000, 0x11f50898, 0x11f50a00, 0x14c00000)
 Metaspace       used 18262K, capacity 18702K, committed 18816K, reserved 18816K
}
Event: 4758.490 GC heap before
{Heap before GC invocations=21 (full 1):
 def new generation   total 39424K, used 35090K [0x04c00000, 0x076c0000, 0x0f6a0000)
  eden space 35072K, 100% used [0x04c00000, 0x06e40000, 0x06e40000)
  from space 4352K,   0% used [0x06e40000, 0x06e44880, 0x07280000)
  to   space 4352K,   0% used [0x07280000, 0x07280000, 0x076c0000)
 tenured generation   total 87424K, used 41666K [0x0f6a0000, 0x14c00000, 0x24c00000)
   the space 87424K,  47% used [0x0f6a0000, 0x11f50898, 0x11f50a00, 0x14c00000)
 Metaspace       used 18262K, capacity 18702K, committed 18816K, reserved 18816K
Event: 4758.495 GC heap after
Heap after GC invocations=22 (full 1):
 def new generation   total 39424K, used 17K [0x04c00000, 0x076c0000, 0x0f6a0000)
  eden space 35072K,   0% used [0x04c00000, 0x04c00000, 0x06e40000)
  from space 4352K,   0% used [0x07280000, 0x07284750, 0x076c0000)
  to   space 4352K,   0% used [0x06e40000, 0x06e40000, 0x07280000)
 tenured generation   total 87424K, used 41666K [0x0f6a0000, 0x14c00000, 0x24c00000)
   the space 87424K,  47% used [0x0f6a0000, 0x11f50898, 0x11f50a00, 0x14c00000)
 Metaspace       used 18262K, capacity 18702K, committed 18816K, reserved 18816K
}
Event: 5176.966 GC heap before
{Heap before GC invocations=22 (full 1):
 def new generation   total 39424K, used 35089K [0x04c00000, 0x076c0000, 0x0f6a0000)
  eden space 35072K, 100% used [0x04c00000, 0x06e40000, 0x06e40000)
  from space 4352K,   0% used [0x07280000, 0x07284750, 0x076c0000)
  to   space 4352K,   0% used [0x06e40000, 0x06e40000, 0x07280000)
 tenured generation   total 87424K, used 41666K [0x0f6a0000, 0x14c00000, 0x24c00000)
   the space 87424K,  47% used [0x0f6a0000, 0x11f50898, 0x11f50a00, 0x14c00000)
 Metaspace       used 18262K, capacity 18702K, committed 18816K, reserved 18816K
Event: 5176.969 GC heap after
Heap after GC invocations=23 (full 1):
 def new generation   total 39424K, used 17K [0x04c00000, 0x076c0000, 0x0f6a0000)
  eden space 35072K,   0% used [0x04c00000, 0x04c00000, 0x06e40000)
  from space 4352K,   0% used [0x06e40000, 0x06e446c0, 0x07280000)
  to   space 4352K,   0% used [0x07280000, 0x07280000, 0x076c0000)
 tenured generation   total 87424K, used 41666K [0x0f6a0000, 0x14c00000, 0x24c00000)
   the space 87424K,  47% used [0x0f6a0000, 0x11f50898, 0x11f50a00, 0x14c00000)
 Metaspace       used 18262K, capacity 18702K, committed 18816K, reserved 18816K
}

